Adkins, Masanori
Bowes, Francoise
Chand, Christophe
Cole, Tom
Cooper, Seth
Crow, Steven
Dabir, Zhao
D’Amone, Vincent
Dimitrov, Michal
Guo, Allison
Hakimi, Moushaumi
Harper, Tina
Howe, Sedat
Howell, Olena
Kanter, Malcolm
Klochkova, He
Kostas, Mac
Lankenau, Yin
Lobintsev, Tatiana
Lutze, Angelo
Magnus, Sergey
McCorkell, Oleksandr
McKenna, Stephen
McKenzie, Victoria
McTiernan, Merrill
Merrell, Layne
Merrell, Joyce
Patterson, Edward
Peleshenko, Zou
Raducan, Li
Reinhold, Michelle
Romero, Stephanie
Roul, Rakhim
Shu, Bradley
Siegel, Nicolás
Sonoma, Roxbert
Sukhanov, Zhang
Torshi, Nadine
Yang, Ilse
Yingqing, Ásgeir
