Christofferson, Mikael
Clearwater, Francois
Drewsivitch, Reiko
Eagle, Serena
Gruber, Briane
Heller, Tatyana
Hill, Amaury
Hoffman, Annemieke
Hollifield, Roseli
Jerricho, Kesar
Jones, Pyrros
Jurack, Ren
Kautz, Roberto
Kielman, Johann
Koga, Simon
Kozyrev, Constantina
Kufahl, Dana
Levien, Zarco
Lombardi, Jiang
Markopolous, Ilse
Masino, Wilhelm
Maybank, Kallas
McTighe, Lisannr
Nash, Jebediah
Nuyriev, Eko
Pamies, Yevgeny
Parker, He
Rosanske, Susanne
Skyes, Alisen
Smith, Christoph
Sorokina, Keith
Steele, Warren
Stuczynski, Samantha
Tamzarian, Bryce
Tangen, Erica
Tchernovkov, Gerek
Tlavnic, Robert
Topol, Drew
Weber-Gale, Roman
Wicks, Kiel
