Aliychuk, Daniel
Amirault, Shirvani
Anu, Zhang
Boit, Filip
Brown, Victor
Budõlin, Tommy
Burns, Shawn
Camejo, Stéphane
Cobb, Patricia
Cooper, Dain
DeLaurel, Gella
Dudzinsky, Yavor
Dwelley, Olga
Fletcher,John
Grimheald, Niu
Houan, Jeong
Iler, Miroslav
Johnston, Kirsty
Kebede, Raj
Lassenerra, Roman
Liang, Yoo
Mazzoni, Daima
Mendoza, Ingimundur
Mitchell, Annett
Moiseyev, Vadims
Murphy, Zhou
Neely, Nazyr
O’Reilly, Carolina
Peck, Heiko
Priddy, Maris
Purchase, Kim
Ravenwater, Tatiana
Rickard, Marian
Robinson, Oxana
Rowbotham, Sachiko
Seidman, Nicolás
Steding, Michael
Thompson, Yelena
Weißenborn, Krisztián
Zuijdweg, Kang
