Arbott, Ejega
Arlond, Nesta
Ban, Sarah
Borghev, Alicia
Clarke, Anton
Coston, Morad
Erikson, Nikki
Fangxiao, Daniel
Faulk, Eamon
Fowler, Marlo
Ghiberti, Charles
Hamm, Olivia
Hammond, Anthony
Hawker, Dalia
Horn, Axel
***, Koji
Jackson, Dorian
Kalasa, David
Korn, Seda
Labov, Hestrie
Maine, Isabel
Marsh, Karoline
Mirazi, Tobias
Nagasawa, Karen
Namani, Esteban
Oriega, Steven
Oshika, Eri
Rodriguez, Sora
Romashina, Frederick
Russo, Haibin
Sennet, Dianne
Smethurst, Maria
Solomon, Hintre
Sutherland, Jack
Takahira, Reggie
Timoney, Espe
Vandenberg, Andreas
Vewas, Carlos
Viard, Obadele
Yung, Kieren
