Acton, Nokkad
Bragg, Kara
Cage, Stephan
Coddington, Jennifer
De Geode, Oxana
Drake, Prapa
Drutis, Xens
Duvergel, Mauro
Hakkinen, Aleksandr
Hasbrin, Fillip
Hildenrath, Ra Ho
Jang, Pel
Hordwon, Malia
Izotov, Michael
Jadav, Duje
James, Marcus
Kanter, Victor
Klien, Abel
Kyle, Anastasia
Laverick, Hendra
Lienet, Saskia
Lozano, Aidyn
Mezgebu, Tashan
Mi-Ran, Jose
Montose, Broda
Moore, Lucius
Navas, Branku
Norizuchi, Ryan
Paderina, Zyoshi
Pastore, Zang
Riedel, Claudia
Rood, Sibelis
Slyusareva, Brenda
Spaunn, Pippa
Taney, Zoran
Tyler, Hope
Urgans, Aric
Vorobiov, Nichole
Wallace, Jin
Wick, Leysa
