Ajete, Meng
Amoyan, Nazyr
Andersen, Jonas
Ashby, Grant
Banacek, Heather
Cannon, Sarka
Cathis, Alison
Connery, Davis
da Silva, Zersenay
Daniels, Vadzim
DeMarque, Ge
Earle, Hiroyuki
Gaiba, Daut
Gena, Mirela
Graves, Ezekiel
Guidice, Arlitt
Hatton, Richard
Irons, Daniele
Jamal, Nadia
Kingston, Park
Lahiri, Murilo
LeFabre, Devon
Meytani, Gloria
Mikhaylov, Larisa
Mikino, Renee
N’Buta, Emiko
Nguyi, Tamas
Nix, Maria
Ockenden, Masae
Paik, Sanjay
Pershaw, Zivko
Phoushath, Constantina
Reller, Jessica
Starskiy, Erin
Talasko, Kensington
Topi, Moon
Truscott, Absalom
Turgidson, Frederic
Valério, Walton
Yabune, Tracy
