Albiev, McLain
Andrunache, Élodie
Angharobis, Hans
Beyl, Timothy
Bin, Taran
Carrol, Cho
Durffey, Sandra
Enríquez, Coby
Facchin, Carlos
Faraday, Nathan
Goulet, Róbert
Grant, Andrea
Grimaldi, Solenne
Hirose, Patrick
Huddock, Meike
Hutten, Alicia
Jannik, Virginia
Jewel, Brenda
Kline, Brigitte
Komolosi, Jin
Kreese, Eamon
Lloyd, Renata
Lopez, Lee
Lynn, Suu
Malone, Lucia
Mattila, Dean
McDougall, Yanet
Mick, Dénes
Misjak, Christine
Nethercott, Mia
Newclay, Berni
Newton, Li
Payne, Laura
Sainze, Raymond
Schroeder, Alexander
Smythe, Adam
Tanaga, Jean-Noel
Tarantino, Chad
Uchimura, Steven
Xing, Kim
