Bar-Fetstein, Zoltan
Beckett, Chinedu
Chan, Khasanbi
Chayama, Torsten
Codman, Laszlo
Dana’La, Andre
Eaker, Irene
Gildano, Veleri
Grey, Bryton
Halstead, Danila
Hedemeyer, Jonothon
Heinze, Carlos
Hobbes, Pierre-Jean
Izumi, Andrew
Kaczuk, Pang
Kardaan, Rafe
Khatib, Windham
Khilko, Johanna
Kon-Dakar, Magnus
Loew, Isaac
Lupetey, Elesabeth
Mannix, Bershawn
Maxell, Regi
McCloud, Kellen
Mitts, Levi
Morales, Hezekiel
Norris, Angela
Noruff, David
Pearson, Cristiana
Quong, R.L.
Riaz, Lee
Richardson, Jonell
Sheridan, Brucalter
Spaatz, Arman
Steiner, Kailen
Telinov, Iim
Tsagaanbaatar, Sonja
Turiza, Larsen
Yatchenko, Yuliya
Zeira, Allison
