Carson, Gregory
Corral, Noriko
Davis, Julia
Francaix, Björgvin
García, Cédric
Gontyuk, Manuchar
Greenhalgh, Cai
Hansen, Nikola
Henríquez, Oleksandr
Huntsig, Chellsie
Imaoka, Loredana
Kalitovska, Kim
Kederk, Pürevdorjiin
Khasyanova, Bob
Knox, Gisele
Konrad, Frank
Kovács, Aleksander
Kumbernuss, Bolat
Lazuk, Gong
Lin, Dongmei
Loris, Mitchell
Lowe, Cathy
Manaudou, Bryan
Martindale, Matt
Matsuda, Yevgeniya
Mercedes, Duncan
Milton-Jones, Zhong
Prentice, Buttree
Raineri, Jason
Regner, Ingrid
Rentería, Thaïs
Riley, Taner
Ryu, Lee
Sais, Borislav
Suzuki, Melaine
Tae-Young, Logan
van Belkum, Aleksandr
Young, Laura
Yuli, Jeff
Zongliang, Jin
