Ahmed, Ian
Andrews, Adam
Ayvazian, Miguel
Black, Olesya
Breen, Steven
Bukannon, Noeki
Callaghan, Wu
Chapman, Efe
Cochraine, Gustavo
DeLuca, Monica
Eun-Chui, Logi
Foster, Lauren
Gerard, Kobe
Grimani, Anton
Hartford, Liam
Kearny, Shalane
Kinnison, Ellie
Masters, Elena
Mathews, Bolat
Mercer, Christiane
Moffat, Kenny
Monet, Derrik
Nixon, Kip
Olezko, Giampiero
Patrick, Ever
Pyre, Kim
Quesnel, Eric
Reid, Takuya
Roland, Yun
Running-Elk, Sheena
Sinclair, Timothy
Stoklas, Khasan
Tamm, Summer
Thibaudeau, Servet
Tola, Alba Maria
Tsongas, Ibrahim
Varga, Yanina
Yanev, Zou
Zukov, Els
Zalman, Shandra
