Bes, Marek
Bowen, Ruthie
Canto, José
Chrisholm, Emma
Corbett, Anastasia
Corral, Tim
DesCastris, Georgy
Dimitrov, Xiong
Freelander, Ismail
Furey, Tessa
Fürste, Émilie
Hoff, Javier
Holmet, Mbulaeni
Hoyt, Makoto Hyon
Suk, Maximilian
Ismiril, Liam
Karavaeva, Luke
Kirketerp, Eduardo
Kotare, Yelena
Levi, Silvia
Lovonski, Ben
McCaig, Takashi
Montizima, Ginel
Moon, Michelle
Nevversan, Vic
Osis, Franklin
Osis, Terissa
Ott, Tonique
Perez, André
Rakhmatulina, Djabir
Rippon, David
Schipper, Patricia
Sharrete, Li
Showers, Steve
Stiles, Massimiliano
Sykora, Víctor
Weaver, Matteo
Wimmer, Alice
Wirth, Aleksandar
Yoshida, André
