Abbott
Acevedo
Acosta
Adams
Adkins
Aguilar
Aguirre
Albert
Albrecht
Alexander
Alford
Allen
Allison
Alston
Alvarado
Alvarez
Anderson
Andrews
Anthony
Armstrong
Arnold
Arnold
Ashley
Atkins
Atkinson
Austin
Avery
Avila
Ayala
Ayers
Bailey
Baird
Baker
Baldwin
Ball
Ballard
Banks
Barber
Barker
Barlow
Barnes
Barnett
Barr
Barrera
Barrett
Barron
Barry
Bartlett
Barton
Bass
Bates
Battle
Bauer
Bauer
Baumann
Baxter
Beach
Bean
Beard
Beasley
Beck
Beck
Becker
Becker
Bell
Bender
Benjamin
Bennett
Benson
Bentley
Benton
Berg
Berger
Berger
Bergmann
Bernard
Berry
Best
Bird
Bishop
Black
Blackburn
Blackwell
Blair
Blake
Blanchard
Blankenship
Blevins
Böhm
Bolton
Bond
Bonner
Booker
Boone
Booth
Bowen
Bowers
Bowman
Boyd
Boyer
Boyle
Bradford
Bradley
Bradshaw
Brady
Branch
Brandt
Braun
Bray
Brennan
Brewer
Bridges
Briggs
Bright
Britt
Brock
Brooks
Brown
Browning
Bruce
Bryan
Bryant
Buchanan
Buck
Buckley
Buckner
Bullock
Burch
Burgess
Burke
Burks
Burnett
Burns
Burris
Burt
Burton
Busch
Bush
Butler
Byers
Byrd
Cabrera
Cain
Calderon
Caldwell
Calhoun
Callahan
Camacho
Cameron
Campbell
Campos
Cannon
Cantrell
Cantu
Cardenas
Carey
Carlson
Carney
Carpenter
Carr
Carrillo
Carroll
Carson
Carter
Carver
Case
Casey
Cash
Castaneda
Castillo
Castro
Cervantes
Chambers
Chan
Chandler
Chaney
Chang
Chapman
Charles
Chase
Chavez
Chen
Cherry
Christensen
Christian
Church
Clark
Clarke
Clay
Clayton
Clements
Clemons
Cleveland
Cline
Cobb
Cochran
Coffey
Cohen
Cole
Coleman
Collier
Collins
Colon
Combs
Compton
Conley
Conner
Conrad
Contreras
Conway
Cook
Cooke
Cooley
Cooper
Copeland
Cortez
Cote
Cotton
Cox
Craft
Craig
Crane
Crawford
Crosby
Cross
Cruz
Cummings
Cunningham
Curry
Curtis
Dale
Dalton
Daniel
Daniels
Daugherty
Davenport
David
Davidson
Davis
Dawson
Day
Dean
Decker
Dejesus
Delacruz
Delaney
Deleon
Delgado
Dennis
Diaz
Dickerson
Dickson
Dietrich
Dillard
Dillon
Dixon
Dodson
Dominguez
Donaldson
Donovan
Dorsey
Dotson
Douglas
Downs
Doyle
Drake
Dudley
Duffy
Duke
Duncan
Dunlap
Dunn
Duran
Durham
Dyer
Eaton
Edwards
Elliott
Ellis
Ellison
Emerson
Engel
England
English
Erickson
Espinoza
Estes
Estrada
Evans
Everett
Ewing
Farley
Farmer
Farrell
Faulkner
Ferguson
Fernandez
Ferrell
Fields
Figueroa
Finch
Finley
Fischer
Fischer
Fisher
Fitzgerald
Fitzpatrick
Fleming
Fletcher
Flores
Flowers
Floyd
Flynn
Foley
Forbes
Ford
Foreman
Foster
Fowler
Fox
Francis
Franco
Frank
Frank
Franke
Franklin
Franks
Frazier
Frederick
Freeman
French
Friedrich
Frost
Fry
Frye
Fuchs
Fuentes
Fuller
Fulton
Gaines
Gallagher
Gallegos
Galloway
Gamble
Garcia
Gardner
Garner
Garrett
Garrison
Garza
Gates
Gay
Gentry
George
Gibbs
Gibson
Gilbert
Giles
Gill
Gillespie
Gilliam
Gilmore
Glass
Glenn
Glover
Goff
Golden
Gomez
Gonzales
Gonzalez
Good
Goodman
Goodwin
Gordon
Gould
Graf
Graham
Grant
Graves
Gray
Green
Greene
Greer
Gregory
Griffin
Griffith
Grimes
Gross
Groß
Guerra
Guerrero
Günther
Guthrie
Gutierrez
Guy
Guzman
Haas
Hahn
Hahn
Hale
Haley
Hall
Hamilton
Hammond
Hampton
Hancock
Haney
Hansen
Hanson
Hardin
Harding
Hardy
Harmon
Harper
Harrell
Harrington
Harris
Harrison
Hart
Hartman
Hartmann
Harvey
Hatfield
Hawkins
Hayden
Hayes
Haynes
Hays
Head
Heath
Hebert
Heinrich
Henderson
Hendricks
Hendrix
Henry
Hensley
Henson
Herman
Hernandez
Herrera
Herring
Herrmann
Hess
Hester
Hewitt
Hickman
Hicks
Higgins
Hill
Hines
Hinton
Hobbs
Hodge
Hodges
Hoffman
Hoffmann
Hofmann
Hogan
Holcomb
Holden
Holder
Holland
Holloway
Holman
Holmes
Holt
Hood
Hooper
Hoover
Hopkins
Hopper
Horn
Horn
Horne
Horton
House
Houston
Howard
Howe
Howell
Hubbard
Huber
Huber
Hudson
Huff
Huffman
Hughes
Hull
Humphrey
Hunt
Hunter
Hurley
Hurst
Hutchinson
Hyde
Ingram
Irwin
Jackson
Jacobs
Jacobson
Jäger
James
Jarvis
Jefferson
Jenkins
Jennings
Jensen
Jimenez
Johns
Johnson
Johnston
Jones
Jordan
Joseph
Joyce
Joyner
Juarez
Jung
Justice
Kaiser
Kane
Kaufman
Keith
Keller
Keller
Kelley
Kelly
Kemp
Kennedy
Kent
Kerr
Key
Kidd
Kim
King
Kinney
Kirby
Kirk
Kirkland
Klein
Klein
Kline
Knapp
Knight
Knowles
Knox
Koch
Koch
Köhler
König
Kramer
Krämer
Kraus
Krause
Krüger
Kuhn
Kühn
Lamb
Lambert
Lancaster
Landry
Lane
Lang
Lang
Lange
Langley
Lara
Larsen
Larson
Lawrence
Lawson
Le
Leach
Leblanc
Lee
Lehmann
Leon
Leonard
Lester
Levine
Levy
Lewis
Lindsay
Lindsey
Little
Livingston
Lloyd
Logan
Long
Lopez
Lorenz
Lott
Love
Lowe
Lowery
Lucas
Ludwig
Luna
Lynch
Lynn
Lyons
Macdonald
Macias
Mack
Madden
Maddox
Maier
Maldonado
Malone
Mann
Manning
Marks
Marquez
Marsh
Marshall
Martin
Martin
Martinez
Mason
Massey
Mathews
Mathis
Matthews
Maxwell
May
Mayer
Mayer
Maynard
Mayo
Mays
Mcbride
Mccall
Mccarthy
Mccarty
Mcclain
Mcclure
Mcconnell
Mccormick
Mccoy
Mccray
Mccullough
Mcdaniel
Mcdonald
Mcdowell
Mcfadden
Mcfarland
Mcgee
Mcgowan
Mcguire
Mcintosh
Mcintyre
Mckay
Mckee
Mckenzie
Mckinney
Mcknight
Mclaughlin
Mclean
Mcleod
Mcmahon
Mcmillan
Mcneil
Mcpherson
Meadows
Medina
Meier
Mejia
Melendez
Melton
Mendez
Mendoza
Mercado
Mercer
Merrill
Merritt
Meyer
Meyer
Meyers
Michael
Middleton
Miles
Miller
Mills
Miranda
Mitchell
Molina
Möller
Monroe
Montgomery
Montoya
Moody
Moon
Mooney
Moore
Morales
Moran
Moreno
Morgan
Morin
Morris
Morrison
Morrow
Morse
Morton
Moses
Mosley
Moss
Mueller
Mullen
Müller
Mullins
Munoz
Murphy
Murray
Myers
Nash
Navarro
Neal
Nelson
Neumann
Newman
Newton
Nguyen
Nichols
Nicholson
Nielsen
Nieves
Nixon
Noble
Noel
Nolan
Norman
Norris
Norton
Nunez
O'brien
Ochoa
O'connor
Odom
O'donnell
Oliver
Olsen
Olson
O'neal
O'neil
O'neill
Orr
Ortega
Ortiz
Osborn
Osborne
Otto
Owen
Owens
Pace
Pacheco
Padilla
Page
Palmer
Park
Parker
Parks
Parrish
Parsons
Pate
Patel
Patrick
Patterson
Patton
Paul
Payne
Pearson
Peck
Pena
Pennington
Perez
Perkins
Perry
Peters
Peters
Petersen
Peterson
Petty
Pfeiffer
Phelps
Phillips
Pickett
Pierce
Pittman
Pitts
Pohl
Pollard
Poole
Pope
Porter
Potter
Potts
Powell
Powers
Pratt
Preston
Price
Prince
Pruitt
Puckett
Pugh
Quinn
Ramirez
Ramos
Ramsey
Randall
Randolph
Rasmussen
Ratliff
Ray
Raymond
Reed
Reese
Reeves
Reid
Reilly
Reyes
Reynolds
Rhodes
Rice
Rich
Richard
Richards
Richardson
Richmond
Richter
Riddle
Riggs
Riley
Rios
Rivas
Rivera
Rivers
Roach
Robbins
Roberson
Roberts
Robertson
Robinson
Robles
Rocha
Rodgers
Rodriguez
Rodriquez
Rogers
Rojas
Rollins
Roman
Romero
Rosa
Rosales
Rosario
Rose
Ross
Roth
Roth
Rowe
Rowland
Roy
Ruiz
Rush
Russell
Russo
Rutledge
Ryan
Salas
Salazar
Salinas
Sampson
Sanchez
Sanders
Sandoval
Sanford
Santana
Santiago
Santos
Sargent
Sauer
Saunders
Savage
Sawyer
Schäfer
Schmid
Schmidt
Schmidt
Schmitt
Schmitz
Schneider
Schneider
Schneider
Scholz
Schreiber
Schröder
Schroeder
Schubert
Schulte
Schultz
Schulz
Schulze
Schumacher
Schuster
Schwartz
Schwarz
Scott
Sears
Seidel
Sellers
Serrano
Sexton
Shaffer
Shannon
Sharp
Sharpe
Shaw
Shelton
Shepard
Shepherd
Sheppard
Sherman
Shields
Short
Silva
Simmons
Simon
Simon
Simpson
Sims
Singleton
Skinner
Slater
Sloan
Small
Smith
Snider
Snow
Snyder
Solis
Solomon
Sommer
Sosa
Soto
Sparks
Spears
Spence
Spencer
Stafford
Stanley
Stanton
Stark
Steele
Stein
Stein
Stephens
Stephenson
Stevens
Stevenson
Stewart
Stokes
Stone
Stout
Strickland
Strong
Stuart
Suarez
Sullivan
Summers
Sutton
Swanson
Sweeney
Sweet
Sykes
Talley
Tanner
Tate
Taylor
Terrell
Terry
Thomas
Thomas
Thompson
Thornton
Tillman
Todd
Torres
Townsend
Tran
Travis
Trevino
Trujillo
Tucker
Turner
Tyler
Tyson
Underwood
Valdez
Valencia
Valentine
Valenzuela
Vance
Vang
Vargas
Vasquez
Vaughan
Vaughn
Vazquez
Vega
Velasquez
Velazquez
Velez
Villarreal
Vincent
Vinson
Vogel
Vogt
Voigt
Wade
Wagner
Wagner
Walker
Wall
Wallace
Waller
Walls
Walsh
Walter
Walter
Walters
Walton
Ward
Ware
Warner
Warren
Washington
Waters
Watkins
Watson
Watts
Weaver
Webb
Weber
Weber
Webster
Weeks
Weiss
Weiß
Welch
Wells
Werner
West
Wheeler
Whitaker
White
Whitehead
Whitfield
Whitley
Whitney
Wiggins
Wilcox
Wilder
Wiley
Wilkerson
Wilkins
Wilkinson
William
Williams
Williamson
Willis
Wilson
Winkler
Winter
Winters
Wise
Witt
Wolf
Wolf
Wolfe
Wolff
Wong
Wood
Woodard
Woods
Woodward
Wooten
Workman
Wright
Wyatt
Wynn
Yang
Yates
York
Young
Zamora
Ziegler
Zimmerman
Zimmermann
