Attwater, Olena
Bauer, Alexander
Bavros, Linda
Bedford, Park
Bullin, Arman
Chen, Mariya
Cheng, Lui
Chu, Robin
Deleportas, Serena
Devalis, Isabella
Devereaux, Danny
Drummond, Phillip
Fokker, Anamaria
Froehlig, Tian
Garr, Gu
Gritas, Yevgeniya
Guerette, Filip
Henderson, Will
Higall, Philip
Jarrel, Fu
Katayama, Ludmila
Keating, Chris
Kido, Terry
Lenardon, Viorica
Leroux, Ronetta
Lossey, Andry
Morris, Lucie
Nostra, Toby
Oberg, Mike
Poiltas, Efe
Prest, Guo
Rosse, Jason
Rwabdogo, Aaron
Ryder, Manus
Schuetz, Valentina
Sumner, Tatyana
Vozka, Rimas
Watson, Susan
West, Sa
Winters, Roline
