Arbuthnot, Brian
ar-Rashid, Monica
Baba, David
Ben-Shimon, Bair
Brinker, Elnur
Bungei, Jaroslav
Collesano, Aleksandr
Cranstonolv, Ekaterina
Demos, Eunice
Dinour, Balázs
Djerassi, Naomi
Elam, Cyrus
Gorga, Alberto
Hardo, Tang
Henríquez, Marcus
Ismaila, Bruny
Kirov, Hinrich
Kreek, Fabricio
LeClair, Felicity
Linghui, Sang
Lunde, Tatyana
Madsen, David
Mortelette, Jason
Myers, Brian
Nagy, Tayshaun
Naidu, Kerri
Omid, Melanie
Pakhalina, Brimin
Posavatz, Jean-Christophe
Sang, Boris
Scott, Jenna
Shaffer, Dawn
Snell, Malik
Solheim, Sherone
Suvorov, Li
Sword, Kami
Tazegül, Yu
Wagner, Antonio
Yeh, Saho
Zuric, Noureddine
