Aamodt, Nicola
Abrosimova, Hiroko
Artemev, Olga
Benedict, Carli
Bostick, Jan
Bremman, Zoltán
Brentjes, Katarzyna
Buckler, Richard
Callahan, Roger
Charikov, Mickaël
Clemence, Wang
Dobrev, Mary
Ebon, Stephen
Fallstaff, Yoelbi
Frater, Rhoshii
Gao, Marcelo
Hallis, Franklin
Hammerick, Daniel
Hennesy, Mikhail
Hollister, Mark
Jeannet, Denys
Kharlan, Linda
Kosh, Lu
Kumar, Karin
Mann, Walter
Matsunaka, Georgy
McEvedy, Sarah
Meriño, Nazmi
Mroczkiewicz, Kirsten
Nikishina, Ying
Prigioni, Marc
Qiuqi, Roman
Rayson, Ólafur
Robertson, Dwight
Sebrle, Matthias
Sergent, Francis
Sobral, Nelson
Thomlinson, Abdullo
Whitfield, Oleksandr
Xi, Sui
