Blackburn, Annie
Boques, Devon
Bosma, Koki
Bush, Gilliam
Campbell, Moses
Carmichael, Alessandra
Chukwumerije, Ariel
Church, Kieren
Chusovitina, Rod
Cluff, Hannah
Despatie, Lao
Dibaba, Patricia
Dumont, Hiroshi
Fischer, Kam
Galen, Anna
Gammoudi, Tonu
Geirsson, Richard
Holmes, Sibel
Jalal, Asset
Jiawel, Kelly
Johns, Melanie
Keller, Dale
Kemp, Hrachik
Lange, Dalia
Lewis, Dain
McFadden, Jose
Mengual, Celia
Mitshan, Clinton
Olufemi, Natalie
Osborne, Zoltan
Pitcher, Stepan
Redmond, Ko
Samis, Xu
Sánchez, Niklaus
Schmitt, Colleen
Sinjab, Ramazan
Vardanyan, Terry
Vargras, Takashi
Yanez, Wilson
Zadok, Dusko
