Alberty, Haile
Bouthiaux, Nadine
Calvert, Monica
Carns, Ma
Ch’in, Olesya
Cuffe, Zheng
Dannvers, Louis
DeVega, José
Feng, Steve
Fetladral, Elise
Gohcourt, Anja
Hall, Kenny
Hoskins, Elise
Jennings, George
Joo-Hyong, Christopher
Kerensky, Andery
Kerensky,Nicholas
Kisiel, Michael
Lager, Mijaín
Levy, Igor
McKibben, Georgina
Mehta, Kaori
Moran, Lee
Nygren, Jai
Radick, Alicia
Reisch, Hollie
Robbin, Ole
Saline, Hüseyin
Seles, Li
Shaw, Britta
Sherbow, Eirik
Sradac, Guo
Stims, Ariel
Tarr, Irina
Taylor, Magdalena
Tinn, Roberta
Torc, Zhang
Tutuola, Mansueto
Twane, Yang
Ward, Jal
Waters, Chen
Winson, Jennifer
Winson, Jerome
