Columbo, Eriel
Danforth, Yuki
DeLeon, Hanna
di Martino, Elisa
Enders, Wladimir
Farnsworth, Kui
Fore, Geoff
Gastopiv, Yasemin
Hailiang, Grant
Hallik, Anna
Holliday, Jonathan
Hutchinson, Qudi
Jones, Armen
Kammerichs, Morad
Kogo, Vasileios
Korstin, Yulia
Lamongue, Joseph
Linn, Maki
Lunde-Haraldsen, Frédéric
Marghar, Kim
McMillan, Charles
Messi, Hrysopiyi
Min-Jae, Motoko
Moreau, Abra
Nga, David
Opriq, Park
Podell, Irina
Polczyk, Herve
Polczyk, Nigel
Rubennis, Marit
Santos, Carlos
Sereysothea, Tamerlan
Siddiq, Jackie
Taglieri, Jason
Tani, Laura
Van Houten, Edith
Whull, Hicham
Yong-Ho, Kevin
Zeke, Yuri
Žukauskas, Katerina
