Barnhart, Larbi
Bede, Zhang
Conners, Santiago
Dubczeck, Natasha
Esmie, Josh
Gourdain, James
Guenot, Norman
Halkia, Igors
Herling, Cyril
Hutten, Alessandra
Isaac, Maria
Jorgensson, Cal
Juergens, Ryan
Karrige, Jason
Kipchoge, Lindsay
Kryla, Andréia
Leroux, Karin
Meredith, Antonio
Mutola, Svetlana
Nevski, James
Ota, Katrine
Pine, Allison
Pletz, Snorri
Poujade, Noriko
Rhyde, Dejan
Ruby, Roger
Said, Rod
Sanders, Mariel
Sender, Sherone
Soon-Young, Marc
Susanu, Magnus
Tomas, Andrei
Tyumenbaev, Lesya
Urzica, Taylor
Vajda, Nate
Vickers, Tamra
Vordermark, Kyle
Wells, Chika
Werth, Elsie
Yun, Natalia
