Bailey, István
Bang-Chu, Julien
Bewley, Chantelle
Binetti, Hanati
Brak, Manon
Buckenburger, Yunaika
Buhallin, Lisa
ChiLi, Tom
Chistu, Jill
Clees, Zhang
Crichell, Svetlana
Eodrap, Wieke
Calbot, Adam
Folkner, Irina
Guili, Stacy
Hazen, Elizabeth
Helmer, Samuel
Icaza, Carl
Isha, Zoltan
Jae-Hyouk, Mathieu
Littleton, Vanja
Loudon, Wilson
Malthus, Koji
Mandaka, Cappie
Mattlov, Daniel
Nilloba, Yevgeny
Pryde, Aeneas
Qwabe, Noah
Roshak, Roniel
Schtern, Monday
Shambag, Guo
Shi-Lu, Yoel
Sustan, Kim
Thastus, Živko
Ugás, Vsevolods
Ustone, Tom
Viola, Annemiek
Von Jankmon, Beezie
Yont, Eric
Zywot, Laura
