Allin, Xavier
Babushkina, Kerri
Bazso, Christine
Bekker, Rafael
Bourjon, Else
Carrera, Melban
Cook, Sada
Cote, Mebrahtom
DelVillar, Norge
Devon, Marie
Forrester, Cao
Gilmour, Darren
Gurdel, Jaroslav
Hall, Aslanbek
Hambash, Emma
Hannifan, Gao
Harlow, Orestes
Hawkins, Ana-Lucia
Homaovi, Nicole
Ivankova, Allison
Jorgensson, Hans
Kabrinski, Bryan
Lemmons, Sergey
MacKenzie, Alexandre
Memba, Victo
Noble, Ishi
Oldebrecht, Jan
Ortiz, Yukiko
Polkamp, Tessa
Rand, Tayana
Silva, Alex
Snuka, Guillaume
Sóbis, Renata
Tseng, Sandra
Vishio, Ra
Vong, Chias
Wayne, Aneta
Weißenborn, Sergio
Woods, Robert
Zeevi, Eero
